[    0.000000] Linux version 4.15.0-106-generic (buildd@lcy01-amd64-016) (gcc version 7.5.0 (Ubuntu 7.5.0-3ubuntu1~18.04)) #107-Ubuntu SMP Thu Jun 4 11:27:52 UTC 2020 (Ubuntu 4.15.0-106.107-generic 4.15.18)
[    0.000000] Command line: BOOT_IMAGE=/boot/vmlinuz-4.15.0-106-generic root=LABEL=cloudimg-rootfs ro console=tty1 console=ttyS0
[    0.000000] KERNEL supported cpus:
[    0.000000]   Intel GenuineIntel
[    0.000000]   AMD AuthenticAMD
[    0.000000]   Centaur CentaurHauls
[    0.000000] x86/fpu: Supporting XSAVE feature 0x001: 'x87 floating point registers'
[    0.000000] x86/fpu: Supporting XSAVE feature 0x002: 'SSE registers'
[    0.000000] x86/fpu: Supporting XSAVE feature 0x004: 'AVX registers'
[    0.000000] x86/fpu: xstate_offset[2]:  576, xstate_sizes[2]:  256
[    0.000000] x86/fpu: Enabled xstate features 0x7, context size is 832 bytes, using 'standard' format.
[    0.000000] e820: BIOS-provided physical RAM map:
[    0.000000] BIOS-e820: [mem 0x0000000000000000-0x000000000009fbff] usable
[    0.000000] BIOS-e820: [mem 0x000000000009fc00-0x000000000009ffff] reserved
[    0.000000] BIOS-e820: [mem 0x00000000000f0000-0x00000000000fffff] reserved
[    0.000000] BIOS-e820: [mem 0x0000000000100000-0x000000003ffeffff] usable
[    0.000000] BIOS-e820: [mem 0x000000003fff0000-0x000000003fffffff] ACPI data
[    0.000000] BIOS-e820: [mem 0x00000000fec00000-0x00000000fec00fff] reserved
[    0.000000] BIOS-e820: [mem 0x00000000fee00000-0x00000000fee00fff] reserved
[    0.000000] BIOS-e820: [mem 0x00000000fffc0000-0x00000000ffffffff] reserved
[    0.000000] NX (Execute Disable) protection: active
[    0.000000] SMBIOS 2.5 present.
[    0.000000] DMI: innotek GmbH VirtualBox/VirtualBox, BIOS VirtualBox 12/01/2006
[    0.000000] Hypervisor detected: KVM
[    0.000000] e820: last_pfn = 0x3fff0 max_arch_pfn = 0x400000000
[    0.000000] MTRR: Disabled
[    0.000000] x86/PAT: MTRRs disabled, skipping PAT initialization too.
[    0.000000] CPU MTRRs all blank - virtualized system.
[    0.000000] x86/PAT: Configuration [0-7]: WB  WT  UC- UC  WB  WT  UC- UC  
[    0.000000] found SMP MP-table at [mem 0x0009fff0-0x0009ffff]
[    0.000000] Scanning 1 areas for low memory corruption
[    0.000000] RAMDISK: [mem 0x35a6d000-0x36d2dfff]
[    0.000000] ACPI: Early table checksum verification disabled
[    0.000000] ACPI: RSDP 0x00000000000E0000 000024 (v02 VBOX  )
[    0.000000] ACPI: XSDT 0x000000003FFF0030 00003C (v01 VBOX   VBOXXSDT 00000001 ASL  00000061)
[    0.000000] ACPI: FACP 0x000000003FFF00F0 0000F4 (v04 VBOX   VBOXFACP 00000001 ASL  00000061)
[    0.000000] ACPI: DSDT 0x000000003FFF0470 002325 (v02 VBOX   VBOXBIOS 00000002 INTL 20100528)
[    0.000000] ACPI: FACS 0x000000003FFF0200 000040
[    0.000000] ACPI: FACS 0x000000003FFF0200 000040
[    0.000000] ACPI: APIC 0x000000003FFF0240 00005C (v02 VBOX   VBOXAPIC 00000001 ASL  00000061)
[    0.000000] ACPI: SSDT 0x000000003FFF02A0 0001CC (v01 VBOX   VBOXCPUT 00000002 INTL 20100528)
[    0.000000] No NUMA configuration found
[    0.000000] Faking a node at [mem 0x0000000000000000-0x000000003ffeffff]
[    0.000000] NODE_DATA(0) allocated [mem 0x3ffc5000-0x3ffeffff]
[    0.000000] kvm-clock: cpu 0, msr 0:3ff44001, primary cpu clock
[    0.000000] kvm-clock: Using msrs 4b564d01 and 4b564d00
[    0.000000] kvm-clock: using sched offset of 3651722477 cycles
[    0.000000] clocksource: kvm-clock: mask: 0xffffffffffffffff max_cycles: 0x1cd42e4dffb, max_idle_ns: 881590591483 ns
[    0.000000] Zone ranges:
[    0.000000]   DMA      [mem 0x0000000000001000-0x0000000000ffffff]
[    0.000000]   DMA32    [mem 0x0000000001000000-0x000000003ffeffff]
[    0.000000]   Normal   empty
[    0.000000]   Device   empty
[    0.000000] Movable zone start for each node
[    0.000000] Early memory node ranges
[    0.000000]   node   0: [mem 0x0000000000001000-0x000000000009efff]
[    0.000000]   node   0: [mem 0x0000000000100000-0x000000003ffeffff]
[    0.000000] Reserved but unavailable: 98 pages
[    0.000000] Initmem setup node 0 [mem 0x0000000000001000-0x000000003ffeffff]
[    0.000000] ACPI: PM-Timer IO Port: 0x4008
[    0.000000] IOAPIC[0]: apic_id 2, version 32, address 0xfec00000, GSI 0-23
[    0.000000] ACPI: INT_SRC_OVR (bus 0 bus_irq 0 global_irq 2 dfl dfl)
[    0.000000] ACPI: INT_SRC_OVR (bus 0 bus_irq 9 global_irq 9 low level)
[    0.000000] Using ACPI (MADT) for SMP configuration information
[    0.000000] smpboot: Allowing 2 CPUs, 0 hotplug CPUs
[    0.000000] PM: Registered nosave memory: [mem 0x00000000-0x00000fff]
[    0.000000] PM: Registered nosave memory: [mem 0x0009f000-0x0009ffff]
[    0.000000] PM: Registered nosave memory: [mem 0x000a0000-0x000effff]
[    0.000000] PM: Registered nosave memory: [mem 0x000f0000-0x000fffff]
[    0.000000] e820: [mem 0x40000000-0xfebfffff] available for PCI devices
[    0.000000] Booting paravirtualized kernel on KVM
[    0.000000] clocksource: refined-jiffies: mask: 0xffffffff max_cycles: 0xffffffff, max_idle_ns: 7645519600211568 ns
[    0.000000] random: get_random_bytes called from start_kernel+0x99/0x4fd with crng_init=0
[    0.000000] setup_percpu: NR_CPUS:8192 nr_cpumask_bits:2 nr_cpu_ids:2 nr_node_ids:1
[    0.000000] percpu: Embedded 45 pages/cpu s147456 r8192 d28672 u1048576
[    0.000000] PV qspinlock hash table entries: 256 (order: 0, 4096 bytes)
[    0.000000] Built 1 zonelists, mobility grouping on.  Total pages: 257913
[    0.000000] Policy zone: DMA32
[    0.000000] Kernel command line: BOOT_IMAGE=/boot/vmlinuz-4.15.0-106-generic root=LABEL=cloudimg-rootfs ro console=tty1 console=ttyS0
[    0.000000] Memory: 983048K/1048120K available (12300K kernel code, 2481K rwdata, 4272K rodata, 2436K init, 2720K bss, 65072K reserved, 0K cma-reserved)
[    0.000000] SLUB: HWalign=64, Order=0-3, MinObjects=0, CPUs=2, Nodes=1
[    0.000000] Kernel/User page tables isolation: enabled
[    0.000000] ftrace: allocating 39378 entries in 154 pages
[    0.004000] Hierarchical RCU implementation.
[    0.004000] 	RCU restricting CPUs from NR_CPUS=8192 to nr_cpu_ids=2.
[    0.004000] 	Tasks RCU enabled.
[    0.004000] RCU: Adjusting geometry for rcu_fanout_leaf=16, nr_cpu_ids=2
[    0.004000] NR_IRQS: 524544, nr_irqs: 440, preallocated irqs: 16
[    0.004000] Console: colour VGA+ 80x25
[    0.004000] console [tty1] enabled
[    0.004000] console [ttyS0] enabled
[    0.004000] ACPI: Core revision 20170831
[    0.004000] ACPI: 2 ACPI AML tables successfully acquired and loaded
[    0.004000] APIC: Switch to symmetric I/O mode setup
[    0.004000] x2apic enabled
[    0.004000] Switched APIC routing to physical x2apic.
[    0.004000] ..TIMER: vector=0x30 apic1=0 pin1=2 apic2=-1 pin2=-1
[    0.004004] tsc: Detected 1599.999 MHz processor
[    0.004923] Calibrating delay loop (skipped) preset value.. 3199.99 BogoMIPS (lpj=6399996)
[    0.005639] pid_max: default: 32768 minimum: 301
[    0.008030] Security Framework initialized
[    0.008866] Yama: becoming mindful.
[    0.009635] AppArmor: AppArmor initialized
[    0.011975] Dentry cache hash table entries: 131072 (order: 8, 1048576 bytes)
[    0.012083] Inode-cache hash table entries: 65536 (order: 7, 524288 bytes)
[    0.013582] Mount-cache hash table entries: 2048 (order: 2, 16384 bytes)
[    0.014882] Mountpoint-cache hash table entries: 2048 (order: 2, 16384 bytes)
[    0.016286] Last level iTLB entries: 4KB 64, 2MB 8, 4MB 8
[    0.017406] Last level dTLB entries: 4KB 64, 2MB 0, 4MB 0, 1GB 4
[    0.020004] Spectre V1 : Mitigation: usercopy/swapgs barriers and __user pointer sanitization
[    0.021722] Spectre V2 : Mitigation: Full generic retpoline
[    0.022884] Spectre V2 : Spectre v2 / SpectreRSB mitigation: Filling RSB on context switch
[    0.024003] Speculative Store Bypass: Vulnerable
[    0.024958] SRBDS: Unknown: Dependent on hypervisor status
[    0.026000] MDS: Vulnerable: Clear CPU buffers attempted, no microcode
[    0.028163] Freeing SMP alternatives memory: 36K
[    0.140075] smpboot: CPU0: Intel(R) Core(TM) i5-5250U CPU @ 1.60GHz (family: 0x6, model: 0x3d, stepping: 0x4)
[    0.142096] Performance Events: unsupported p6 CPU model 61 no PMU driver, software events only.
[    0.143939] Hierarchical SRCU implementation.
[    0.144630] NMI watchdog: Perf event create on CPU 0 failed with -2
[    0.145909] NMI watchdog: Perf NMI watchdog permanently disabled
[    0.147236] smp: Bringing up secondary CPUs ...
[    0.148095] x86: Booting SMP configuration:
[    0.148937] .... node  #0, CPUs:      #1
[    0.004000] kvm-clock: cpu 1, msr 0:3ff44041, secondary cpu clock
[    0.152028] smp: Brought up 1 node, 2 CPUs
[    0.153009] smpboot: Max logical packages: 1
[    0.153925] smpboot: Total of 2 processors activated (6399.99 BogoMIPS)
[    0.156126] devtmpfs: initialized
[    0.156798] x86/mm: Memory block size: 128MB
[    0.157787] evm: security.selinux
[    0.158582] evm: security.SMACK64
[    0.160004] evm: security.SMACK64EXEC
[    0.160804] evm: security.SMACK64TRANSMUTE
[    0.161677] evm: security.SMACK64MMAP
[    0.162469] evm: security.apparmor
[    0.163279] evm: security.ima
[    0.164004] evm: security.capability
[    0.164776] clocksource: jiffies: mask: 0xffffffff max_cycles: 0xffffffff, max_idle_ns: 7645041785100000 ns
[    0.166005] futex hash table entries: 512 (order: 3, 32768 bytes)
[    0.169784] pinctrl core: initialized pinctrl subsystem
[    0.172124] RTC time: 10:57:54, date: 06/24/20
[    0.173194] NET: Registered protocol family 16
[    0.174144] audit: initializing netlink subsys (disabled)
[    0.175375] audit: type=2000 audit(1592996280.421:1): state=initialized audit_enabled=0 res=1
[    0.176124] cpuidle: using governor ladder
[    0.176920] cpuidle: using governor menu
[    0.177791] ACPI: bus type PCI registered
[    0.178541] acpiphp: ACPI Hot Plug PCI Controller Driver version: 0.5
[    0.180100] PCI: Using configuration type 1 for base access
[    0.184281] HugeTLB registered 2.00 MiB page size, pre-allocated 0 pages
[    0.185428] ACPI: Added _OSI(Module Device)
[    0.185428] ACPI: Added _OSI(Processor Device)
[    0.188005] ACPI: Added _OSI(3.0 _SCP Extensions)
[    0.188961] ACPI: Added _OSI(Processor Aggregator Device)
[    0.190175] ACPI: Added _OSI(Linux-Dell-Video)
[    0.191037] ACPI: Added _OSI(Linux-Lenovo-NV-HDMI-Audio)
[    0.192003] ACPI: Added _OSI(Linux-HPI-Hybrid-Graphics)
[    0.193287] ACPI: Executed 1 blocks of module-level executable AML code
[    0.198205] ACPI: Interpreter enabled
[    0.198959] ACPI: (supports S0 S5)
[    0.199690] ACPI: Using IOAPIC for interrupt routing
[    0.200255] PCI: Using host bridge windows from ACPI; if necessary, use "pci=nocrs" and report a bug
[    0.202380] ACPI: Enabled 2 GPEs in block 00 to 07
[    0.211197] ACPI: PCI Root Bridge [PCI0] (domain 0000 [bus 00-ff])
[    0.212000] acpi PNP0A03:00: _OSC: OS supports [ASPM ClockPM Segments MSI]
[    0.212512] acpi PNP0A03:00: _OSC: not requesting OS control; OS requires [ExtendedConfig ASPM ClockPM MSI]
[    0.216016] acpi PNP0A03:00: fail to add MMCONFIG information, can't access extended PCI configuration space under this bridge.
[    0.218792] PCI host bridge to bus 0000:00
[    0.220009] pci_bus 0000:00: root bus resource [io  0x0000-0x0cf7 window]
[    0.221409] pci_bus 0000:00: root bus resource [io  0x0d00-0xffff window]
[    0.222764] pci_bus 0000:00: root bus resource [mem 0x000a0000-0x000bffff window]
[    0.224005] pci_bus 0000:00: root bus resource [mem 0x40000000-0xfdffffff window]
[    0.225633] pci_bus 0000:00: root bus resource [bus 00-ff]
[    0.229446] pci 0000:00:01.1: legacy IDE quirk: reg 0x10: [io  0x01f0-0x01f7]
[    0.230864] pci 0000:00:01.1: legacy IDE quirk: reg 0x14: [io  0x03f6]
[    0.232000] pci 0000:00:01.1: legacy IDE quirk: reg 0x18: [io  0x0170-0x0177]
[    0.232004] pci 0000:00:01.1: legacy IDE quirk: reg 0x1c: [io  0x0376]
[    0.255008] pci 0000:00:07.0: quirk: [io  0x4000-0x403f] claimed by PIIX4 ACPI
[    0.256020] pci 0000:00:07.0: quirk: [io  0x4100-0x410f] claimed by PIIX4 SMB
[    0.265791] ACPI: PCI Interrupt Link [LNKA] (IRQs 5 9 10 *11)
[    0.267426] ACPI: PCI Interrupt Link [LNKB] (IRQs 5 9 *10 11)
[    0.268122] ACPI: PCI Interrupt Link [LNKC] (IRQs 5 *9 10 11)
[    0.269500] ACPI: PCI Interrupt Link [LNKD] (IRQs 5 9 10 *11)
[    0.272294] SCSI subsystem initialized
[    0.273238] pci 0000:00:02.0: vgaarb: setting as boot VGA device
[    0.273238] pci 0000:00:02.0: vgaarb: VGA device added: decodes=io+mem,owns=io+mem,locks=none
[    0.276015] pci 0000:00:02.0: vgaarb: bridge control possible
[    0.277207] vgaarb: loaded
[    0.277856] ACPI: bus type USB registered
[    0.278790] usbcore: registered new interface driver usbfs
[    0.279863] usbcore: registered new interface driver hub
[    0.280033] usbcore: registered new device driver usb
[    0.281218] EDAC MC: Ver: 3.0.0
[    0.281218] PCI: Using ACPI for IRQ routing
[    0.284319] NetLabel: Initializing
[    0.285108] NetLabel:  domain hash size = 128
[    0.286003] NetLabel:  protocols = UNLABELED CIPSOv4 CALIPSO
[    0.287164] NetLabel:  unlabeled traffic allowed by default
[    0.288145] clocksource: Switched to clocksource kvm-clock
[    0.303484] VFS: Disk quotas dquot_6.6.0
[    0.304436] VFS: Dquot-cache hash table entries: 512 (order 0, 4096 bytes)
[    0.305993] AppArmor: AppArmor Filesystem Enabled
[    0.306937] pnp: PnP ACPI init
[    0.308913] pnp: PnP ACPI: found 3 devices
[    0.320844] clocksource: acpi_pm: mask: 0xffffff max_cycles: 0xffffff, max_idle_ns: 2085701024 ns
[    0.322735] NET: Registered protocol family 2
[    0.323826] TCP established hash table entries: 8192 (order: 4, 65536 bytes)
[    0.325280] TCP bind hash table entries: 8192 (order: 5, 131072 bytes)
[    0.328158] TCP: Hash tables configured (established 8192 bind 8192)
[    0.329495] UDP hash table entries: 512 (order: 2, 16384 bytes)
[    0.330616] UDP-Lite hash table entries: 512 (order: 2, 16384 bytes)
[    0.331989] NET: Registered protocol family 1
[    0.332976] pci 0000:00:00.0: Limiting direct PCI/PCI transfers
[    0.334182] pci 0000:00:01.0: Activating ISA DMA hang workarounds
[    0.335482] pci 0000:00:02.0: Video device with shadowed ROM at [mem 0x000c0000-0x000dffff]
[    0.337230] Unpacking initramfs...
[    0.664470] Freeing initrd memory: 19204K
[    0.665458] clocksource: tsc: mask: 0xffffffffffffffff max_cycles: 0x171023f09ff, max_idle_ns: 440795233615 ns
[    0.667505] platform rtc_cmos: registered platform RTC device (no PNP device found)
[    0.669135] Scanning for low memory corruption every 60 seconds
[    0.671184] Initialise system trusted keyrings
[    0.672116] Key type blacklist registered
[    0.673113] workingset: timestamp_bits=36 max_order=18 bucket_order=0
[    0.675204] zbud: loaded
[    0.676530] squashfs: version 4.0 (2009/01/31) Phillip Lougher
[    0.678074] fuse init (API version 7.26)
[    0.682715] Key type asymmetric registered
[    0.683460] Asymmetric key parser 'x509' registered
[    0.684382] Block layer SCSI generic (bsg) driver version 0.4 loaded (major 246)
[    0.685824] io scheduler noop registered
[    0.686636] io scheduler deadline registered
[    0.687423] io scheduler cfq registered (default)
[    0.688891] ACPI: AC Adapter [AC] (off-line)
[    0.689724] input: Power Button as /devices/LNXSYSTM:00/LNXPWRBN:00/input/input0
[    0.691088] ACPI: Power Button [PWRF]
[    0.691822] input: Sleep Button as /devices/LNXSYSTM:00/LNXSLPBN:00/input/input1
[    0.693139] ACPI: Sleep Button [SLPF]
[    0.695307] ACPI: Battery Slot [BAT0] (battery present)
[    0.696260] Serial: 8250/16550 driver, 32 ports, IRQ sharing enabled
[    0.718712] 00:02: ttyS0 at I/O 0x3f8 (irq = 4, base_baud = 115200) is a 16550A
[    0.721826] Linux agpgart interface v0.103
[    0.723975] loop: module loaded
[    0.725524] scsi host0: ata_piix
[    0.726599] scsi host1: ata_piix
[    0.727336] ata1: PATA max UDMA/33 cmd 0x1f0 ctl 0x3f6 bmdma 0xd000 irq 14
[    0.728701] ata2: PATA max UDMA/33 cmd 0x170 ctl 0x376 bmdma 0xd008 irq 15
[    0.730281] libphy: Fixed MDIO Bus: probed
[    0.731179] tun: Universal TUN/TAP device driver, 1.6
[    0.732359] PPP generic driver version 2.4.2
[    0.733334] ehci_hcd: USB 2.0 'Enhanced' Host Controller (EHCI) Driver
[    0.734705] ehci-pci: EHCI PCI platform driver
[    0.735801] ehci-platform: EHCI generic platform driver
[    0.737031] ohci_hcd: USB 1.1 'Open' Host Controller (OHCI) Driver
[    0.738404] ohci-pci: OHCI PCI platform driver
[    0.739409] ohci-platform: OHCI generic platform driver
[    0.740551] uhci_hcd: USB Universal Host Controller Interface driver
[    0.742236] i8042: PNP: PS/2 Controller [PNP0303:PS2K,PNP0f03:PS2M] at 0x60,0x64 irq 1,12
[    0.744377] serio: i8042 KBD port at 0x60,0x64 irq 1
[    0.745770] serio: i8042 AUX port at 0x60,0x64 irq 12
[    0.746900] mousedev: PS/2 mouse device common for all mice
[    0.748670] input: AT Translated Set 2 keyboard as /devices/platform/i8042/serio0/input/input2
[    0.751109] rtc_cmos rtc_cmos: rtc core: registered rtc_cmos as rtc0
[    0.752641] rtc_cmos rtc_cmos: alarms up to one day, 114 bytes nvram
[    0.754080] i2c /dev entries driver
[    0.754995] device-mapper: uevent: version 1.0.3
[    0.756219] device-mapper: ioctl: 4.37.0-ioctl (2017-09-20) initialised: dm-devel@redhat.com
[    0.758235] ledtrig-cpu: registered to indicate activity on CPUs
[    0.760157] NET: Registered protocol family 10
[    0.766570] Segment Routing with IPv6
[    0.767718] NET: Registered protocol family 17
[    0.770012] Key type dns_resolver registered
[    0.772108] mce: Using 0 MCE banks
[    0.773492] RAS: Correctable Errors collector initialized.
[    0.775815] sched_clock: Marking stable (773438135, 0)->(935834282, -162396147)
[    0.779068] registered taskstats version 1
[    0.780815] Loading compiled-in X.509 certificates
[    0.786888] Loaded X.509 cert 'Build time autogenerated kernel key: b1772ce3e036cbf6bf2b7e9ed9be0f8806d61091'
[    0.790425] zswap: loaded using pool lzo/zbud
[    0.799203] Key type big_key registered
[    0.800704] Key type trusted registered
[    0.806284] Key type encrypted registered
[    0.807896] AppArmor: AppArmor sha1 policy hashing enabled
[    0.809883] ima: No TPM chip found, activating TPM-bypass! (rc=-19)
[    0.814526] ima: Allocated hash algorithm: sha1
[    0.816184] evm: HMAC attrs: 0x1
[    0.818342]   Magic number: 8:306:983
[    0.819822] rtc_cmos rtc_cmos: setting system clock to 2020-06-24 10:57:55 UTC (1592996275)
[    0.823194] BIOS EDD facility v0.16 2004-Jun-25, 0 devices found
[    0.825697] EDD information not available.
[    0.916654] Freeing unused kernel image memory: 2436K
[    0.928500] Write protecting the kernel read-only data: 20480k
[    0.932353] Freeing unused kernel image memory: 2008K
[    0.934684] Freeing unused kernel image memory: 1872K
[    0.943693] x86/mm: Checked W+X mappings: passed, no W+X pages found.
[    0.945059] x86/mm: Checking user space page tables
[    0.952664] x86/mm: Checked W+X mappings: passed, no W+X pages found.
Loading, please wait...
starting version 237
[    1.019133] e1000: Intel(R) PRO/1000 Network Driver - version 7.3.21-k8-NAPI
[    1.020830] e1000: Copyright (c) 1999-2006 Intel Corporation.
[    1.024364] Fusion MPT base driver 3.04.20
[    1.037754] Copyright (c) 1999-2008 LSI Corporation
[    1.051301] Fusion MPT SPI Host driver 3.04.20
[    1.062696] AVX2 version of gcm_enc/dec engaged.
[    1.064122] AES CTR mode by8 optimization enabled
[    1.291263] input: ImExPS/2 Generic Explorer Mouse as /devices/platform/i8042/serio1/input/input4
[    1.850303] e1000 0000:00:03.0 eth0: (PCI:33MHz:32-bit) 02:fc:38:2c:42:7e
[    1.851604] e1000 0000:00:03.0 eth0: Intel(R) PRO/1000 Network Connection
[    1.853971] mptbase: ioc0: Initiating bringup
[    1.854190] e1000 0000:00:03.0 enp0s3: renamed from eth0
[    1.952405] ioc0: LSI53C1030 A0: Capabilities={Initiator}
[    2.197149] scsi host2: ioc0: LSI53C1030 A0, FwRev=00000000h, Ports=1, MaxQ=256, IRQ=20
[    2.364888] scsi 2:0:0:0: Direct-Access     VBOX     HARDDISK         1.0  PQ: 0 ANSI: 5
[    3.180202] scsi target2:0:0: Beginning Domain Validation
[    3.186197] scsi target2:0:0: Domain Validation skipping write tests
[    3.188106] scsi target2:0:0: Ending Domain Validation
[    3.189765] scsi target2:0:0: asynchronous
[    3.191651] scsi 2:0:1:0: Direct-Access     VBOX     HARDDISK         1.0  PQ: 0 ANSI: 5
[    3.968608] scsi target2:0:1: Beginning Domain Validation
[    3.974562] random: fast init done
[    3.976451] scsi target2:0:1: Domain Validation skipping write tests
[    3.978255] scsi target2:0:1: Ending Domain Validation
[    3.979777] scsi target2:0:1: asynchronous
[    3.986084] random: systemd-udevd: uninitialized urandom read (16 bytes read)
[    3.987335] random: systemd-udevd: uninitialized urandom read (16 bytes read)
[    3.988544] random: systemd-udevd: uninitialized urandom read (16 bytes read)
[    3.990213] sd 2:0:0:0: [sda] 20971520 512-byte logical blocks: (10.7 GB/10.0 GiB)
[    3.991567] sd 2:0:0:0: [sda] Write Protect is off
[    3.992558] sd 2:0:0:0: [sda] Incomplete mode parameter data
[    3.993516] sd 2:0:0:0: [sda] Assuming drive cache: write through
[    3.995048] sd 2:0:0:0: Attached scsi generic sg0 type 0
[    3.996743]  sda: sda1
[    3.996936] sd 2:0:1:0: [sdb] 20480 512-byte logical blocks: (10.5 MB/10.0 MiB)
[    3.998806] sd 2:0:1:0: [sdb] Write Protect is off
[    4.000158] sd 2:0:1:0: [sdb] Incomplete mode parameter data
[    4.001302] sd 2:0:1:0: [sdb] Assuming drive cache: write through
[    4.003140] sd 2:0:0:0: [sda] Attached SCSI disk
[    4.004410] sd 2:0:1:0: Attached scsi generic sg1 type 0
[    4.007119] sd 2:0:1:0: [sdb] Attached SCSI disk
Begin: Loading essential drivers ... [    5.556023] raid6: sse2x1   gen()  8936 MB/s
[    5.604241] raid6: sse2x1   xor()  5290 MB/s
[    5.652236] raid6: sse2x2   gen()  9269 MB/s
[    5.700297] raid6: sse2x2   xor()  6749 MB/s
[    5.748229] raid6: sse2x4   gen() 12582 MB/s
[    5.796267] raid6: sse2x4   xor()  8002 MB/s
[    5.844238] raid6: avx2x1   gen() 17264 MB/s
[    5.892190] raid6: avx2x1   xor() 11518 MB/s
[    5.940287] raid6: avx2x2   gen() 20358 MB/s
[    5.988251] raid6: avx2x2   xor() 11847 MB/s
[    6.036187] raid6: avx2x4   gen() 23332 MB/s
[    6.084023] raid6: avx2x4   xor() 14874 MB/s
[    6.084911] raid6: using algorithm avx2x4 gen() 23332 MB/s
[    6.086308] raid6: .... xor() 14874 MB/s, rmw enabled
[    6.087393] raid6: using avx2x2 recovery algorithm
[    6.089473] xor: automatically using best checksumming function   avx       
[    6.091691] async_tx: api initialized (async)
done.
Begin: Running /scripts/init-premount ... done.
Begin: Mounting root file system ... Begin: Running /scripts/local-top ... done.
Begin: Running /scripts/local-premount ... [    6.144923] Btrfs loaded, crc32c=crc32c-intel
Scanning for Btrfs filesystems
done.
Warning: fsck not present, so skipping root file system
[    6.176646] EXT4-fs (sda1): mounted filesystem with ordered data mode. Opts: (null)
done.
Begin: Running /scripts/local-bottom ... done.
Begin: Running /scripts/init-bottom ... done.
[    6.329861] ip_tables: (C) 2000-2006 Netfilter Core Team
[    6.338511] systemd[1]: systemd 237 running in system mode. (+PAM +AUDIT +SELINUX +IMA +APPARMOR +SMACK +SYSVINIT +UTMP +LIBCRYPTSETUP +GCRYPT +GNUTLS +ACL +XZ +LZ4 +SECCOMP +BLKID +ELFUTILS +KMOD -IDN2 +IDN -PCRE2 default-hierarchy=hybrid)
[    6.343802] systemd[1]: Detected virtualization oracle.
[    6.345531] systemd[1]: Detected architecture x86-64.

Welcome to [1mUbuntu 18.04.4 LTS[0m!

[    6.362950] systemd[1]: Set hostname to <ubuntu>.
[    6.369073] systemd[1]: Initializing machine ID from random generator.
[    6.371288] systemd[1]: Installed transient /etc/machine-id file.
[    7.111716] systemd[1]: Reached target Swap.
[[0;32m  OK  [0m] Reached target Swap.
[    7.114943] systemd[1]: Created slice User and Session Slice.
[[0;32m  OK  [0m] Created slice User and Session Slice.
[    7.116874] systemd[1]: Reached target System Time Synchronized.
[[0;32m  OK  [0m] Reached target System Time Synchronized.
[    7.118596] systemd[1]: Reached target User and Group Name Lookups.
[[0;32m  OK  [0m] Reached target User and Group Name Lookups.
[[0;32m  OK  [0m] Created slice System Slice.
[[0;32m  OK  [0m] Listening on Network Service Netlink Socket.
[[0;32m  OK  [0m] Listening on LVM2 metadata daemon socket.
[[0;32m  OK  [0m] Listening on LVM2 poll daemon socket.
[[0;32m  OK  [0m] Listening on udev Control Socket.
[[0;32m  OK  [0m] Listening on Syslog Socket.
[[0;32m  OK  [0m] Listening on Journal Socket.
         Mounting POSIX Message Queue File System...
         Starting Set the console keyboard layout...
         Starting Uncomplicated firewall...
[[0;32m  OK  [0m] Listening on /dev/initctl Compatibility Named Pipe.
[[0;32m  OK  [0m] Reached target Slices.
         Starting Remount Root and Kernel File Systems...
         Mounting Huge Pages File System...
[[0;32m  OK  [0m] Listening on Journal Audit Socket.
         Starting Load Kernel Modules...
[[0;32m  OK  [0m] Listening on udev Kernel Socket.
         Starting udev Coldplug all Devices...
         Starting Create list of required st…ce nodes for the current kernel...
[[0;32m  OK  [0m] Set up automount Arbitrary Executab…rmats File System Automount Point.
[[0;32m  OK  [0m] Started Forward Password Requests to Wall Directory Watch.
[[0;32m  OK  [0m] Listening on Journal Socket (/dev/log).
         Starting Journal Service...
[[0;32m  OK  [0m] Created slice system-serial\x2dgetty.slice.
[[0;32m  OK  [0m] Listening on Device-mapper event daemon FIFOs.
         Starting Monitoring of LVM2 mirrors…ng dmeventd or progress polling...
[    7.173753] Loading iSCSI transport class v2.0-870.
[    7.180427] iscsi: registered transport (tcp)
[    7.196654] iscsi: registered transport (iser)
         Mounting Kernel Debug File System...
[[0;32m  OK  [0m] Mounted POSIX Message Queue File System.
[[0;32m  OK  [0m] Started Uncomplicated firewall.
[[0;32m  OK  [0m] Mounted Huge Pages File System.
[[0;32m  OK  [0m] Started Load Kernel Modules.
[[0;32m  OK  [0m] Started Create list of required sta…vice nodes for the current kernel.
[[0;32m  OK  [0m] Mounted Kernel Debug File System.
[    7.248176] EXT4-fs (sda1): re-mounted. Opts: (null)
[[0;32m  OK  [0m] Started LVM2 metadata daemon.
         Starting Create Static Device Nodes in /dev...
         Mounting Kernel Configuration File System...
         Starting Apply Kernel Variables...
         Mounting FUSE Control File System...
[[0;32m  OK  [0m] Started Remount Root and Kernel File Systems.
         Starting Load/Save Random Seed...
[[0;32m  OK  [0m] Started udev Coldplug all Devices.
[[0;32m  OK  [0m] Started Create Static Device Nodes in /dev.
[[0;32m  OK  [0m] Mounted Kernel Configuration File System.
[[0;32m  OK  [0m] Mounted FUSE Control File System.
         Starting udev Kernel Device Manager...
[[0;32m  OK  [0m] Started Journal Service.
         Starting Flush Journal to Persistent Storage...
[[0;32m  OK  [0m] Started Monitoring of LVM2 mirrors,…sing dmeventd or progress polling.
[[0;32m  OK  [0m] Started Load/Save Random Seed.
[[0;32m  OK  [0m] Started Apply Kernel Variables.
[[0;32m  OK  [0m] Started udev Kernel Device Manager.
[[0;32m  OK  [0m] Started Flush Journal to Persistent Storage.
[[0;32m  OK  [0m] Found device /dev/ttyS0.
[[0;32m  OK  [0m] Listening on Load/Save RF Kill Switch Status /dev/rfkill Watch.
[[0;32m  OK  [0m] Started Set the console keyboard layout.
[[0;32m  OK  [0m] Reached target Local File Systems (Pre).
[[0;32m  OK  [0m] Reached target Local File Systems.
         Starting ebtables ruleset management...
         Starting Commit a transient machine-id on disk...
         Starting Create Volatile Files and Directories...
         Starting Tell Plymouth To Write Out Runtime Data...
         Starting Set console font and keymap...
         Starting AppArmor initialization...
[[0;32m  OK  [0m] Started Dispatch Password Requests to Console Directory Watch.
[[0;32m  OK  [0m] Reached target Local Encrypted Volumes.
[[0;32m  OK  [0m] Started Tell Plymouth To Write Out Runtime Data.
[[0;32m  OK  [0m] Started Create Volatile Files and Directories.
         Starting Update UTMP about System Boot/Shutdown...
[[0;32m  OK  [0m] Started Update UTMP about System Boot/Shutdown.
[[0;32m  OK  [0m] Started Commit a transient machine-id on disk.
[[0;32m  OK  [0m] Started ebtables ruleset management.
[[0;32m  OK  [0m] Started AppArmor initialization.
         Starting Initial cloud-init job (pre-networking)...
[[0;32m  OK  [0m] Started Set console font and keymap.
[   10.915580] cloud-init[794]: Cloud-init v. 19.4-33-gbb4131a2-0ubuntu1~18.04.1 running 'init-local' at Wed, 24 Jun 2020 10:58:05 +0000. Up 10.54 seconds.
[[0;32m  OK  [0m] Started Initial cloud-init job (pre-networking).
[[0;32m  OK  [0m] Reached target Network (Pre).
         Starting Network Service...
[[0;32m  OK  [0m] Started Network Service.
         Starting Wait for Network to be Configured...
         Starting Network Name Resolution...
[[0;32m  OK  [0m] Started Network Name Resolution.
[[0;32m  OK  [0m] Reached target Network.
[[0;32m  OK  [0m] Reached target Host and Network Name Lookups.
[[0;32m  OK  [0m] Started Wait for Network to be Configured.
         Starting Initial cloud-init job (metadata service crawler)...
[   13.813879] cloud-init[934]: Cloud-init v. 19.4-33-gbb4131a2-0ubuntu1~18.04.1 running 'init' at Wed, 24 Jun 2020 10:58:08 +0000. Up 13.49 seconds.
[   13.818926] cloud-init[934]: ci-info: ++++++++++++++++++++++++++++++++++++++Net device info++++++++++++++++++++++++++++++++++++++
[   13.821216] cloud-init[934]: ci-info: +--------+------+----------------------------+---------------+--------+-------------------+
[   13.823463] cloud-init[934]: ci-info: | Device |  Up  |          Address           |      Mask     | Scope  |     Hw-Address    |
[   13.825689] cloud-init[934]: ci-info: +--------+------+----------------------------+---------------+--------+-------------------+
[   13.827917] cloud-init[934]: ci-info: | enp0s3 | True |         10.0.2.15          | 255.255.255.0 | global | 02:fc:38:2c:42:7e |
[   13.830672] cloud-init[934]: ci-info: | enp0s3 | True | fe80::fc:38ff:fe2c:427e/64 |       .       |  link  | 02:fc:38:2c:42:7e |
[   13.833777] cloud-init[934]: ci-info: |   lo   | True |         127.0.0.1          |   255.0.0.0   |  host  |         .         |
[   13.839475] cloud-init[934]: ci-info: |   lo   | True |          ::1/128           |       .       |  host  |         .         |
[   13.842776] cloud-init[934]: ci-info: +--------+------+----------------------------+---------------+--------+-------------------+
[   13.845090] cloud-init[934]: ci-info: ++++++++++++++++++++++++++++Route IPv4 info+++++++++++++++++++++++++++++
[   13.848311] cloud-init[934]: ci-info: +-------+-------------+----------+-----------------+-----------+-------+
[   13.851173] cloud-init[934]: ci-info: | Route | Destination | Gateway  |     Genmask     | Interface | Flags |
[   13.853701] cloud-init[934]: ci-info: +-------+-------------+----------+-----------------+-----------+-------+
[   13.856355] cloud-init[934]: ci-info: |   0   |   0.0.0.0   | 10.0.2.2 |     0.0.0.0     |   enp0s3  |   UG  |
[   13.859264] cloud-init[934]: ci-info: |   1   |   10.0.2.0  | 0.0.0.0  |  255.255.255.0  |   enp0s3  |   U   |
[   13.862542] cloud-init[934]: ci-info: |   2   |   10.0.2.2  | 0.0.0.0  | 255.255.255.255 |   enp0s3  |   UH  |
[   13.865412] cloud-init[934]: ci-info: +-------+-------------+----------+-----------------+-----------+-------+
[   13.867939] cloud-init[934]: ci-info: +++++++++++++++++++Route IPv6 info+++++++++++++++++++
[   13.870144] cloud-init[934]: ci-info: +-------+-------------+---------+-----------+-------+
[   13.871284] cloud-init[934]: ci-info: | Route | Destination | Gateway | Interface | Flags |
[   13.884449] cloud-init[934]: ci-info: +-------+-------------+---------+-----------+-------+
[   13.886440] cloud-init[934]: ci-info: |   1   |  fe80::/64  |    ::   |   enp0s3  |   U   |
[   13.888604] cloud-init[934]: ci-info: |   3   |    local    |    ::   |   enp0s3  |   U   |
[   13.904771] cloud-init[934]: ci-info: |   4   |   ff00::/8  |    ::   |   enp0s3  |   U   |
[   13.906461] cloud-init[934]: ci-info: +-------+-------------+---------+-----------+-------+
[   14.990481] cloud-init[934]: Generating public/private rsa key pair.
[   14.992204] cloud-init[934]: Your identification has been saved in /etc/ssh/ssh_host_rsa_key.
[   14.994205] cloud-init[934]: Your public key has been saved in /etc/ssh/ssh_host_rsa_key.pub.
[   14.997438] cloud-init[934]: The key fingerprint is:
[   14.998846] cloud-init[934]: SHA256:YkUALfS3R+ibZTXb78qZGIeuDobR7zlnob9/5nYUTrg root@ubuntu-bionic
[   15.001713] cloud-init[934]: The key's randomart image is:
[   15.005147] cloud-init[934]: +---[RSA 2048]----+
[   15.007651] cloud-init[934]: |   .oo...        |
[   15.009863] cloud-init[934]: |    .... .       |
[   15.011731] cloud-init[934]: |     .. + . o .  |
[   15.012990] cloud-init[934]: |       = o . = o |
[   15.014281] cloud-init[934]: |      + S + . = .|
[   15.015765] cloud-init[934]: |     . + B  .E o.|
[   15.017017] cloud-init[934]: |      . = ..o....|
[   15.018286] cloud-init[934]: |       . oooo= +=|
[   15.019344] cloud-init[934]: |         .=*=o**+|
[   15.020688] cloud-init[934]: +----[SHA256]-----+
[   15.021908] cloud-init[934]: Generating public/private dsa key pair.
[   15.023315] cloud-init[934]: Your identification has been saved in /etc/ssh/ssh_host_dsa_key.
[   15.025034] cloud-init[934]: Your public key has been saved in /etc/ssh/ssh_host_dsa_key.pub.
[   15.026969] cloud-init[934]: The key fingerprint is:
[   15.028337] cloud-init[934]: SHA256:jTc0YbWDzowhXqHqg6NoevAfTP7OxIbjOd824ef2eOQ root@ubuntu-bionic
[   15.030297] cloud-init[934]: The key's randomart image is:
[   15.031717] cloud-init[934]: +---[DSA 1024]----+
[   15.033225] cloud-init[934]: |        . o..    |
[   15.034441] cloud-init[934]: |       . o o .   |
[   15.035896] cloud-init[934]: |      o o + o    |
[   15.037025] cloud-init[934]: |     o o X . .   |
[   15.038314] cloud-init[934]: |    o . S B      |
[   15.039525] cloud-init[934]: |.  * o  .. ..    |
[   15.040657] cloud-init[934]: | oo O +. . o     |
[   15.041966] cloud-init[934]: |.ooo.X .+ o.E    |
[   15.043321] cloud-init[934]: |*. .++=..=oo.    |
[   15.044734] cloud-init[934]: +----[SHA256]-----+
[   15.046009] cloud-init[934]: Generating public/private ecdsa key pair.
[   15.047649] cloud-init[934]: Your identification has been saved in /etc/ssh/ssh_host_ecdsa_key.
[   15.049856] cloud-init[934]: Your public key has been saved in /etc/ssh/ssh_host_ecdsa_key.pub.
[   15.051834] cloud-init[934]: The key fingerprint is:
[   15.053132] cloud-init[934]: SHA256:yU8h0YZDgItNQpJ/6qYW+Op7IVbbMVCmmW/vo2ifx64 root@ubuntu-bionic
[   15.055073] cloud-init[934]: The key's randomart image is:
[   15.056744] cloud-init[934]: +---[ECDSA 256]---+
[   15.058069] cloud-init[934]: |.o. .+.ooo       |
[   15.059334] cloud-init[934]: |....B   o.o      |
[   15.060502] cloud-init[934]: | . O..  .o.      |
[   15.061691] cloud-init[934]: |  o.=o . o .     |
[   15.062841] cloud-init[934]: |. .oooo S .      |
[   15.064176] cloud-init[934]: |.+.o...  o       |
[   15.065407] cloud-init[934]: |.oo . ..  .      |
[   15.066460] cloud-init[934]: | .+o. o+         |
[   15.067670] cloud-init[934]: |=*+..E=o.        |
[   15.069092] cloud-init[934]: +----[SHA256]-----+
[   15.070502] cloud-init[934]: Generating public/private ed25519 key pair.
[   15.072325] cloud-init[934]: Your identification has been saved in /etc/ssh/ssh_host_ed25519_key.
[   15.074337] cloud-init[934]: Your public key has been saved in /etc/ssh/ssh_host_ed25519_key.pub.
[   15.076600] cloud-init[934]: The key fingerprint is:
[   15.078240] cloud-init[934]: SHA256:tmEJNx81yaQnkslkBTBbnfl0pPB1UYbjuSfdLI7s9JM root@ubuntu-bionic
[   15.080220] cloud-init[934]: The key's randomart image is:
[   15.081658] cloud-init[934]: +--[ED25519 256]--+
[   15.083057] cloud-init[934]: |      o.=+o=+ooo*|
[   15.084427] cloud-init[934]: |       B o+=+++o |
[   15.085792] cloud-init[934]: |      o B +o+o o |
[   15.087188] cloud-init[934]: |       o = +. o  |
[   15.088593] cloud-init[934]: |        S .    +.|
[   15.089674] cloud-init[934]: |       o o    + =|
[   15.091126] cloud-init[934]: |        .  ..o = |
[   15.092419] cloud-init[934]: |           .o.E  |
[   15.093799] cloud-init[934]: |           .. .. |
[   15.094937] cloud-init[934]: +----[SHA256]-----+
[[0;32m  OK  [0m] Started Initial cloud-init job (metadata service crawler).
[[0;32m  OK  [0m] Reached target Cloud-config availability.
[[0;32m  OK  [0m] Reached target Network is Online.
[[0;32m  OK  [0m] Reached target Remote File Systems (Pre).
[[0;32m  OK  [0m] Reached target Remote File Systems.
         Starting Availability of block devices...
[[0;32m  OK  [0m] Reached target System Initialization.
[[0;32m  OK  [0m] Listening on Open-iSCSI iscsid Socket.
         Starting Socket activation for snappy daemon.
         Starting LXD - unix socket.
[[0;32m  OK  [0m] Listening on UUID daemon activation socket.
[[0;32m  OK  [0m] Started Message of the Day.
[[0;32m  OK  [0m] Listening on ACPID Listen Socket.
[[0;32m  OK  [0m] Started Daily apt download activities.
[[0;32m  OK  [0m] Started Daily apt upgrade and clean activities.
[[0;32m  OK  [0m] Listening on D-Bus System Message Bus Socket.
[[0;32m  OK  [0m] Started Discard unused blocks once a week.
[[0;32m  OK  [0m] Started Daily Cleanup of Temporary Directories.
[[0;32m  OK  [0m] Reached target Timers.
[[0;32m  OK  [0m] Started ACPI Events Check.
[[0;32m  OK  [0m] Reached target Paths.
[[0;32m  OK  [0m] Started Availability of block devices.
[[0;32m  OK  [0m] Listening on Socket activation for snappy daemon.
[[0;32m  OK  [0m] Listening on LXD - unix socket.
[[0;32m  OK  [0m] Reached target Sockets.
[[0;32m  OK  [0m] Reached target Basic System.
         Starting LSB: Record successful boot for GRUB...
         Starting Dispatcher daemon for systemd-networkd...
         Starting System Logging Service...
         Starting Accounts Service...
         Starting Pollinate to seed the pseudo random number generator...
         Starting Login Service...
[[0;32m  OK  [0m] Started irqbalance daemon.
         Starting Snappy daemon...
         Starting LXD - container startup/shutdown...
[[0;32m  OK  [0m] Started Regular background program processing daemon.
[[0;32m  OK  [0m] Started FUSE filesystem for LXC.
         Starting Virtualbox guest utils...
[[0;32m  OK  [0m] Started Deferred execution scheduler.
[[0;32m  OK  [0m] Started D-Bus System Message Bus.
         Starting Permit User Sessions...
         Starting LSB: automatic crash report generation...
[[0;32m  OK  [0m] Started System Logging Service.
[[0;32m  OK  [0m] Started Login Service.
[[0;32m  OK  [0m] Started Unattended Upgrades Shutdown.
[[0;32m  OK  [0m] Started Permit User Sessions.
         Starting Hold until boot process finishes up...
         Starting Terminate Plymouth Boot Screen...
[[0;32m  OK  [0m] Started Hold until boot process finishes up.
[[0;32m  OK  [0m] Started Terminate Plymouth Boot Screen.
         Starting Authorization Manager...
[[0;32m  OK  [0m] Started Serial Getty on ttyS0.
         Starting Set console scheme...
[[0;32m  OK  [0m] Started LSB: Record successful boot for GRUB.
[[0;32m  OK  [0m] Started Set console scheme.
[[0;32m  OK  [0m] Created slice system-getty.slice.
[[0;32m  OK  [0m] Started Getty on tty1.
[[0;32m  OK  [0m] Reached target Login Prompts.
[[0;32m  OK  [0m] Started LSB: automatic crash report generation.
[[0;32m  OK  [0m] Started LXD - container startup/shutdown.
[[0;32m  OK  [0m] Started Authorization Manager.
[[0;32m  OK  [0m] Started Accounts Service.
[[0;32m  OK  [0m] Started Virtualbox guest utils.
[[0;32m  OK  [0m] Started Dispatcher daemon for systemd-networkd.
[[0;32m  OK  [0m] Started Snappy daemon.
         Starting Wait until snapd is fully seeded...
[[0;32m  OK  [0m] Started Pollinate to seed the pseudo random number generator.
         Starting OpenBSD Secure Shell server...
[[0;32m  OK  [0m] Started OpenBSD Secure Shell server.
[[0;32m  OK  [0m] Created slice User Slice of vagrant.
         Starting User Manager for UID 1000...
[[0;32m  OK  [0m] Started Session 1 of user vagrant.
[[0;32m  OK  [0m] Started User Manager for UID 1000.
         Stopping User Manager for UID 1000...
[[0;32m  OK  [0m] Stopped User Manager for UID 1000.
[[0;32m  OK  [0m] Removed slice User Slice of vagrant.
[[0;32m  OK  [0m] Created slice User Slice of vagrant.
         Starting User Manager for UID 1000...

Ubuntu 18.04.4 LTS ubuntu-bionic ttyS0

ubuntu-bionic login: [   24.193537] cloud-init[1844]: Cloud-init v. 19.4-33-gbb4131a2-0ubuntu1~18.04.1 running 'modules:config' at Wed, 24 Jun 2020 10:58:18 +0000. Up 23.82 seconds.
ci-info: no authorized SSH keys fingerprints found for user ubuntu.
<14>Jun 24 10:58:19 ec2: 
<14>Jun 24 10:58:19 ec2: #############################################################
<14>Jun 24 10:58:19 ec2: -----BEGIN SSH HOST KEY FINGERPRINTS-----
<14>Jun 24 10:58:19 ec2: 1024 SHA256:jTc0YbWDzowhXqHqg6NoevAfTP7OxIbjOd824ef2eOQ root@ubuntu-bionic (DSA)
<14>Jun 24 10:58:19 ec2: 256 SHA256:yU8h0YZDgItNQpJ/6qYW+Op7IVbbMVCmmW/vo2ifx64 root@ubuntu-bionic (ECDSA)
<14>Jun 24 10:58:19 ec2: 256 SHA256:tmEJNx81yaQnkslkBTBbnfl0pPB1UYbjuSfdLI7s9JM root@ubuntu-bionic (ED25519)
<14>Jun 24 10:58:19 ec2: 2048 SHA256:YkUALfS3R+ibZTXb78qZGIeuDobR7zlnob9/5nYUTrg root@ubuntu-bionic (RSA)
<14>Jun 24 10:58:19 ec2: -----END SSH HOST KEY FINGERPRINTS-----
<14>Jun 24 10:58:19 ec2: #############################################################
-----BEGIN SSH HOST KEY KEYS-----
ecdsa-sha2-nistp256 AAAAE2VjZHNhLXNoYTItbmlzdHAyNTYAAAAIbmlzdHAyNTYAAABBBLVOCJkT9tztXeEwPOBxc8xPfO+/IjJFSSpdbgGBrCpTn6rwB89Yhnw8coUZXwn053J1zyyP5VYK2zqCqkCbeGo= root@ubuntu-bionic
ssh-ed25519 AAAAC3NzaC1lZDI1NTE5AAAAIGCizdFlyI5C7518J15OuFLSTmMFrNV7FwZDZOxQCEEY root@ubuntu-bionic
ssh-rsa AAAAB3NzaC1yc2EAAAADAQABAAABAQCwYVeTgsee56WM8mbz6rUrOyIw8lzXJijqT/DNCCttTk5h9Q9gDzSpsF2DTWlT8i8EVLRSbdojOl98/+z3FBn+ok6h6gAPgQn7lNp71MjgwCgIVUis1/Ks0pjewZtzr8QsZfQBO1R743KElcHGao1IZVI+QJUjvWHdE7/EmTWsKrH8/NuETi39r58qmAXqQhSPQMqXRxx98sWOdYJsZXP+O6qgC4jdFg1YwEuVcE6IvsvtMuHf1NA9yVJdBJK8U7NLHENn+9fVWyrtP8EDJAFRF7lJ2gDZeIwWudzMups/MwKw6xiuNlJrwrvtnajL77IQZSWowyNfadd5pZLd1T/b root@ubuntu-bionic
-----END SSH HOST KEY KEYS-----
[   24.788716] cloud-init[1884]: Cloud-init v. 19.4-33-gbb4131a2-0ubuntu1~18.04.1 running 'modules:final' at Wed, 24 Jun 2020 10:58:19 +0000. Up 24.63 seconds.
[   24.788828] cloud-init[1884]: ci-info: no authorized SSH keys fingerprints found for user ubuntu.
[   24.789506] cloud-init[1884]: Cloud-init v. 19.4-33-gbb4131a2-0ubuntu1~18.04.1 finished at Wed, 24 Jun 2020 10:58:19 +0000. Datasource DataSourceNoCloud [seed=/dev/sdb][dsmode=net].  Up 24.77 seconds
